\BOOKMARK [0][-]{section*.2}{\376\377\000R\000E\000S\000U\000M\000E\000N}{}% 1
\BOOKMARK [0][-]{section*.4}{\376\377\000A\000B\000S\000T\000R\000A\000C\000T}{}% 2
\BOOKMARK [0][-]{section*.6}{\376\377\000P\000R\000\323\000L\000O\000G\000O}{}% 3
\BOOKMARK [0][-]{section*.8}{\376\377\000=\000L\000I\000S\000T\000A\000\040\000D\000E\000\040\000T\000A\000B\000L\000A\000S}{}% 4
\BOOKMARK [0][-]{section*.9}{\376\377\000=\000L\000I\000S\000T\000A\000\040\000D\000E\000\040\000F\000I\000G\000U\000R\000A\000S}{}% 5
\BOOKMARK [0][-]{section*.10}{\376\377\000L\000I\000S\000T\000A\000\040\000D\000E\000\040\000S\000\315\000M\000B\000O\000L\000O\000S\000\040\000Y\000\040\000S\000I\000G\000L\000A\000S}{}% 6
\BOOKMARK [0][-]{chapter.1}{\376\377\000I\000N\000T\000R\000O\000D\000U\000C\000C\000I\000\323\000N}{}% 7
\BOOKMARK [1][-]{section.1.1}{\376\377\000G\000E\000N\000E\000R\000A\000L\000I\000D\000A\000D\000E\000S}{chapter.1}% 8
\BOOKMARK [1][-]{section.1.2}{\376\377\000D\000E\000S\000C\000R\000I\000P\000C\000I\000\323\000N\000\040\000D\000E\000L\000\040\000P\000R\000O\000B\000L\000E\000M\000A\000\040\000D\000E\000\040\000I\000N\000V\000E\000S\000T\000I\000G\000A\000C\000I\000\323\000N}{chapter.1}% 9
\BOOKMARK [1][-]{section.1.3}{\376\377\000O\000B\000J\000E\000T\000I\000V\000O\000S\000\040\000D\000E\000L\000\040\000E\000S\000T\000U\000D\000I\000O}{chapter.1}% 10
\BOOKMARK [2][-]{subsection.1.3.1}{\376\377\000O\000b\000j\000e\000t\000i\000v\000o\000\040\000G\000e\000n\000e\000r\000a\000l}{section.1.3}% 11
\BOOKMARK [2][-]{subsection.1.3.2}{\376\377\000O\000b\000j\000e\000t\000i\000v\000o\000s\000\040\000E\000s\000p\000e\000c\000\355\000f\000i\000c\000o\000s}{section.1.3}% 12
\BOOKMARK [1][-]{section.1.4}{\376\377\000H\000I\000P\000\323\000T\000E\000S\000I\000S\000\040\000D\000E\000L\000\040\000E\000S\000T\000U\000D\000I\000O}{chapter.1}% 13
\BOOKMARK [2][-]{subsection.1.4.1}{\376\377\000H\000i\000p\000\363\000t\000e\000s\000i\000s\000\040\000G\000e\000n\000e\000r\000a\000l}{section.1.4}% 14
\BOOKMARK [2][-]{subsection.1.4.2}{\376\377\000H\000i\000p\000\363\000t\000e\000s\000i\000s\000\040\000E\000s\000p\000e\000c\000\355\000f\000i\000c\000a\000s}{section.1.4}% 15
\BOOKMARK [1][-]{section.1.5}{\376\377\000M\000E\000T\000O\000D\000O\000L\000O\000G\000\315\000A}{chapter.1}% 16
\BOOKMARK [0][-]{chapter.2}{\376\377\000F\000U\000N\000D\000A\000M\000E\000N\000T\000O\000\040\000T\000E\000\323\000R\000I\000C\000O\000\040\000Y\000\040\000C\000O\000N\000C\000E\000P\000T\000U\000A\000L}{}% 17
\BOOKMARK [1][-]{section.2.1}{\376\377\000P\000R\000I\000M\000E\000R\000\040\000T\000E\000M\000A}{chapter.2}% 18
\BOOKMARK [2][-]{subsection.2.1.1}{\376\377\000A\000i\000s\000l\000a\000d\000o\000r\000e\000s\000\040\000S\000\355\000s\000m\000i\000c\000o\000s}{section.2.1}% 19
\BOOKMARK [2][-]{subsection.2.1.2}{\376\377\000D\000i\000s\000i\000p\000a\000d\000o\000r\000e\000s\000\040\000d\000e\000\040\000F\000l\000u\000i\000d\000o\000\040\000V\000i\000s\000c\000o\000s\000o}{section.2.1}% 20
\BOOKMARK [1][-]{section.2.2}{\376\377\000S\000E\000G\000U\000N\000D\000O\000\040\000T\000E\000M\000A}{chapter.2}% 21
\BOOKMARK [2][-]{subsection.2.2.1}{\376\377\000M\000o\000d\000e\000l\000o\000\040\000H\000i\000s\000t\000e\000r\000\351\000t\000i\000c\000o\000\040\000d\000e\000\040\000B\000o\000u\000c\000-\000W\000e\000n}{section.2.2}% 22
\BOOKMARK [1][-]{section.2.3}{\376\377\000T\000E\000R\000C\000E\000R\000\040\000T\000E\000M\000A}{chapter.2}% 23
\BOOKMARK [2][-]{subsection.2.3.1}{\376\377\000M\000o\000d\000e\000l\000o\000\040\000d\000e\000\040\000M\000a\000s\000a\000s\000\040\000C\000o\000n\000c\000e\000n\000t\000r\000a\000d\000a\000s}{section.2.3}% 24
\BOOKMARK [1][-]{section.2.4}{\376\377\000C\000U\000A\000R\000T\000O\000\040\000T\000E\000M\000A}{chapter.2}% 25
\BOOKMARK [2][-]{subsection.2.4.1}{\376\377\000R\000e\000g\000i\000s\000t\000r\000o\000s\000\040\000S\000\355\000s\000m\000i\000c\000o\000s\000\040\000A\000j\000u\000s\000t\000a\000d\000o\000s}{section.2.4}% 26
\BOOKMARK [0][-]{chapter.3}{\376\377\000N\000O\000M\000B\000R\000E\000\040\000D\000E\000L\000\040\000C\000A\000P\000\315\000T\000U\000L\000O\000\040\0003}{}% 27
\BOOKMARK [1][-]{section.3.1}{\376\377\000P\000R\000I\000M\000E\000R\000A\000\040\000S\000E\000C\000C\000I\000\323\000N}{chapter.3}% 28
\BOOKMARK [1][-]{section.3.2}{\376\377\000S\000E\000G\000U\000N\000D\000A\000\040\000S\000E\000C\000C\000I\000\323\000N}{chapter.3}% 29
\BOOKMARK [2][-]{subsection.3.2.1}{\376\377\000F\000o\000r\000m\000u\000l\000a\000c\000i\000\363\000n\000\040\000I\000n\000c\000r\000e\000m\000e\000n\000t\000a\000l\000\040\000d\000e\000l\000\040\000M\000\351\000t\000o\000d\000o\000\040\000B\000e\000t\000a\000\040\000d\000e\000\040\000N\000e\000w\000m\000a\000r\000k}{section.3.2}% 30
\BOOKMARK [1][-]{section.3.3}{\376\377\000T\000E\000R\000C\000E\000R\000A\000\040\000S\000E\000C\000C\000I\000\323\000N}{chapter.3}% 31
\BOOKMARK [2][-]{subsection.3.3.1}{\376\377\000P\000r\000e\000d\000i\000m\000e\000n\000s\000i\000o\000n\000a\000m\000i\000e\000n\000t\000o}{section.3.3}% 32
\BOOKMARK [2][-]{subsection.3.3.2}{\376\377\000R\000e\000s\000u\000l\000t\000a\000d\000o\000s}{section.3.3}% 33
\BOOKMARK [1][-]{section.3.4}{\376\377\000C\000U\000A\000R\000T\000A\000\040\000S\000E\000C\000C\000I\000\323\000N}{chapter.3}% 34
\BOOKMARK [2][-]{subsection.3.4.1}{\376\377\000I\000m\000p\000o\000r\000t\000a\000n\000c\000i\000a\000\040\000d\000e\000\040\000l\000a\000\040\000R\000a\000z\000\363\000n\000\040\000d\000e\000\040\000A\000i\000s\000l\000a\000m\000i\000e\000n\000t\000o}{section.3.4}% 35
\BOOKMARK [0][-]{chapter.4}{\376\377\000N\000O\000M\000B\000R\000E\000\040\000D\000E\000L\000\040\000C\000A\000P\000\315\000T\000U\000L\000O\000\040\0004}{}% 36
\BOOKMARK [1][-]{section.4.1}{\376\377\000P\000R\000I\000M\000E\000R\000A\000\040\000S\000E\000C\000C\000I\000\323\000N}{chapter.4}% 37
\BOOKMARK [2][-]{subsection.4.1.1}{\376\377\000A\000l\000g\000o\000r\000i\000t\000m\000o\000\040\000d\000e\000\040\000S\000o\000l\000u\000c\000i\000\363\000n\000\040\000p\000a\000r\000a\000\040\000E\000d\000i\000f\000i\000c\000a\000c\000i\000o\000n\000e\000s\000\040\000c\000o\000n\000\040\000D\000i\000s\000i\000p\000a\000d\000o\000r\000e\000s\000\040\000d\000e\000\040\000F\000l\000u\000i\000d\000o\000\040\000V\000i\000s\000c\000o\000s\000o}{section.4.1}% 38
\BOOKMARK [1][-]{section.4.2}{\376\377\000S\000E\000G\000U\000N\000D\000A\000\040\000S\000E\000C\000C\000I\000\323\000N}{chapter.4}% 39
\BOOKMARK [2][-]{subsection.4.2.1}{\376\377\000R\000e\000s\000u\000l\000t\000a\000d\000o\000s}{section.4.2}% 40
\BOOKMARK [0][-]{section*.24}{\376\377\000C\000O\000N\000C\000L\000U\000S\000I\000O\000N\000E\000S}{}% 41
\BOOKMARK [0][-]{section*.26}{\376\377\000R\000E\000C\000O\000M\000E\000N\000D\000A\000C\000I\000O\000N\000E\000S}{}% 42
\BOOKMARK [0][-]{section*.28}{\376\377\000R\000E\000F\000E\000R\000E\000N\000C\000I\000A\000S\000\040\000B\000I\000B\000L\000I\000O\000G\000R\000\301\000F\000I\000C\000A\000S}{}% 43
\BOOKMARK [0][-]{section*.30}{\376\377\000A\000N\000E\000X\000O\000S}{}% 44
\BOOKMARK [1][-]{section*.32}{\376\377\000A\000N\000E\000X\000O\000\040\000A\000:\000\040\000C\000\323\000D\000I\000G\000O\000S\000\040\000E\000N\000\040\000P\000Y\000T\000H\000O\000N}{section*.30}% 45
\BOOKMARK [2][-]{section*.33}{\376\377\000R\000e\000s\000p\000u\000e\000s\000t\000a\000\040\000S\000\355\000s\000m\000i\000c\000a\000\040\000d\000e\000\040\000u\000n\000a\000\040\000E\000d\000i\000f\000i\000c\000a\000c\000i\000\363\000n\000\040\000c\000o\000n\000\040\000A\000S}{section*.32}% 46
\BOOKMARK [2][-]{lstnumber.4.1.24}{\376\377\000F\000u\000n\000c\000i\000o\000n\000e\000s}{section*.32}% 47
\BOOKMARK [1][-]{section*.34}{\376\377\000A\000N\000E\000X\000O\000\040\000B\000:\000\040\000H\000I\000S\000T\000\311\000R\000E\000S\000I\000S\000\040\000D\000E\000\040\000L\000O\000S\000\040\000D\000I\000S\000P\000O\000S\000I\000T\000I\000V\000O\000S\000\040\000D\000E\000\040\000C\000O\000N\000T\000R\000O\000L}{section*.30}% 48
\BOOKMARK [2][-]{section*.35}{\376\377\000E\000d\000i\000f\000i\000c\000i\000o\000\040\000P\000r\000i\000n\000c\000i\000p\000a\000l\000\040\000d\000e\000l\000\040\000A\000e\000r\000o\000p\000u\000e\000r\000t\000o\000\040\000J\000o\000r\000g\000e\000\040\000C\000h\000a\000v\000e\000z}{section*.34}% 49
