This is XeTeX, Version 3.14159265-2.6-0.999992 (MiKTeX 2.9.7400 64-bit) (preloaded format=xelatex 2020.5.16)  31 MAY 2020 04:24
entering extended mode
**./Caratula.tex
(Caratula.tex
LaTeX2e <2020-02-02> patch level 5
L3 programming layer <2020-04-06>

! LaTeX Error: Environment titlepage undefined.

See the LaTeX manual or LaTeX Companion for explanation.
Type  H <return>  for immediate help.
 ...                                              
                                                  
l.1 \begin{titlepage}
                     
Your command was ignored.
Type  I <command> <return>  to replace it with another command,
or  <return>  to continue without it.


! LaTeX Error: Missing \begin{document}.

See the LaTeX manual or LaTeX Companion for explanation.
Type  H <return>  for immediate help.
 ...                                              
                                                  
l.3 ^^I\begin{center}
                     
You're in trouble here.  Try typing  <return>  to proceed.
If that doesn't work, type  X <return>  to quit.


Overfull \hbox (20.0pt too wide) in paragraph at lines 3--3
[] 
 []

! Undefined control sequence.
l.4 ^^I^^I{\LARGE
                  \textbf{UNIVERSIDAD NACIONAL DE INGENIERÍA}}\\
The control sequence at the end of the top line
of your error message was never \def'ed. If you have
misspelled it (e.g., `\hobx'), type `I' and the correct
spelling (e.g., `I\hbox'). Otherwise just continue,
and I'll forget about whatever was undefined.


Overfull \hbox (83.85pt too wide) in paragraph at lines 4--4
 \TU/lmr/bx/n/10 UNIVERSIDAD 
 []


Overfull \hbox (21.52pt too wide) in paragraph at lines 4--4
 \TU/lmr/bx/n/10 NA- 
 []


Overfull \hbox (45.92pt too wide) in paragraph at lines 4--4
 \TU/lmr/bx/n/10 CIONAL 
 []


Overfull \hbox (16.38pt too wide) in paragraph at lines 4--4
 \TU/lmr/bx/n/10 DE 
 []


Overfull \hbox (17.19pt too wide) in paragraph at lines 4--4
 \TU/lmr/bx/n/10 IN- 
 []


Overfull \hbox (20.43001pt too wide) in paragraph at lines 4--4
 \TU/lmr/bx/n/10 GE- 
 []


Overfull \hbox (42.6pt too wide) in paragraph at lines 4--4
 \TU/lmr/bx/n/10 NIERÍA 
 []

! Undefined control sequence.
l.6 ^^I^^I{\LARGE
                  \textbf{\@facultad}}\\
The control sequence at the end of the top line
of your error message was never \def'ed. If you have
misspelled it (e.g., `\hobx'), type `I' and the correct
spelling (e.g., `I\hbox'). Otherwise just continue,
and I'll forget about whatever was undefined.


Overfull \hbox (40.24pt too wide) in paragraph at lines 6--6
 []\TU/lmr/bx/n/10 facultad 
 []


! LaTeX Error: Environment figure undefined.

See the LaTeX manual or LaTeX Companion for explanation.
Type  H <return>  for immediate help.
 ...                                              
                                                  
l.8 ^^I^^I\begin{figure}
                        [h]
Your command was ignored.
Type  I <command> <return>  to replace it with another command,
or  <return>  to continue without it.

Missing character: There is no [ in font nullfont!
Missing character: There is no h in font nullfont!
Missing character: There is no ] in font nullfont!
! Undefined control sequence.
l.10 ^^I^^I^^I\includegraphics
                              [scale=1]{E_IMAGENES/0_Caratula/UNI_LOGO1.pdf}
The control sequence at the end of the top line
of your error message was never \def'ed. If you have
misspelled it (e.g., `\hobx'), type `I' and the correct
spelling (e.g., `I\hbox'). Otherwise just continue,
and I'll forget about whatever was undefined.

Missing character: There is no [ in font nullfont!
Missing character: There is no s in font nullfont!
Missing character: There is no c in font nullfont!
Missing character: There is no a in font nullfont!
Missing character: There is no l in font nullfont!
Missing character: There is no e in font nullfont!
Missing character: There is no = in font nullfont!
Missing character: There is no 1 in font nullfont!
Missing character: There is no ] in font nullfont!
Missing character: There is no E in font nullfont!
! Missing $ inserted.
<inserted text> 
                $
l.10 ^^I^^I^^I\includegraphics[scale=1]{E_
                                          IMAGENES/0_Caratula/UNI_LOGO1.pdf}
I've inserted a begin-math/end-math symbol since I think
you left one out. Proceed, with fingers crossed.

LaTeX Font Info:    External font `cmex10' loaded for size
(Font)              <7> on input line 10.
LaTeX Font Info:    External font `cmex10' loaded for size
(Font)              <5> on input line 10.
! Extra }, or forgotten $.
l.10 ...le=1]{E_IMAGENES/0_Caratula/UNI_LOGO1.pdf}
                                                  
I've deleted a group-closing symbol because it seems to be
spurious, as in `$x}$'. But perhaps the } is legitimate and
you forgot something else, as in `\hbox{$x}'. In such cases
the way to recover is to insert both the forgotten and the
deleted material, e.g., by typing `I$}'.


! LaTeX Error: \begin{center} on input line 3 ended by \end{figure}.

See the LaTeX manual or LaTeX Companion for explanation.
Type  H <return>  for immediate help.
 ...                                              
                                                  
l.11 ^^I^^I\end{figure}
                       
Your command was ignored.
Type  I <command> <return>  to replace it with another command,
or  <return>  to continue without it.

! Missing $ inserted.
<inserted text> 
                $
l.11 ^^I^^I\end{figure}
                       
I've inserted something that you may have forgotten.
(See the <inserted text> above.)
With luck, this will get me unwedged. But if you
really didn't forget anything, try typing `2' now; then
my insertion and my current dilemma will both disappear.

! Missing } inserted.
<inserted text> 
                }
l.11 ^^I^^I\end{figure}
                       
I've inserted something that you may have forgotten.
(See the <inserted text> above.)
With luck, this will get me unwedged. But if you
really didn't forget anything, try typing `2' now; then
my insertion and my current dilemma will both disappear.

! Undefined control sequence.
l.13 ^^I^^I{\Large
                   \textbf{TESIS} }\\
The control sequence at the end of the top line
of your error message was never \def'ed. If you have
misspelled it (e.g., `\hobx'), type `I' and the correct
spelling (e.g., `I\hbox'). Otherwise just continue,
and I'll forget about whatever was undefined.


Overfull \hbox (190.24413pt too wide) in paragraph at lines 8--13
 []\OML/cmm/m/it/10 MAGENES=\OT1/cmr/m/n/10 0[]\OML/cmm/m/it/10 aratula=UNI[]OG
O\OT1/cmr/m/n/10 1\OML/cmm/m/it/10 :pdf$ 
 []


Overfull \hbox (32.7pt too wide) in paragraph at lines 8--13
 \TU/lmr/bx/n/10 TESIS 
 []

! Undefined control sequence.
l.16 ^^I^^I\onehalfspacing
                            % Espaciamiento 1.5
The control sequence at the end of the top line
of your error message was never \def'ed. If you have
misspelled it (e.g., `\hobx'), type `I' and the correct
spelling (e.g., `I\hbox'). Otherwise just continue,
and I'll forget about whatever was undefined.

! Undefined control sequence.
l.17 ^^I^^I{\Large
                   \textbf{``{\@titlecaratula}''} }\\
The control sequence at the end of the top line
of your error message was never \def'ed. If you have
misspelled it (e.g., `\hobx'), type `I' and the correct
spelling (e.g., `I\hbox'). Otherwise just continue,
and I'll forget about whatever was undefined.


Overfull \hbox (72.68001pt too wide) in paragraph at lines 17--17
 []\TU/lmr/bx/n/10 “titlecaratula” 
 []

! Undefined control sequence.
l.19 ^^I^^I\singlespacing
                           % Fin del espaciamiento 1.5
The control sequence at the end of the top line
of your error message was never \def'ed. If you have
misspelled it (e.g., `\hobx'), type `I' and the correct
spelling (e.g., `I\hbox'). Otherwise just continue,
and I'll forget about whatever was undefined.

! Undefined control sequence.
l.22 ^^I^^I{\large
                   \textbf{PARA OBTENER EL TÍTULO PROFESIONAL DE {\@grado} }...
The control sequence at the end of the top line
of your error message was never \def'ed. If you have
misspelled it (e.g., `\hobx'), type `I' and the correct
spelling (e.g., `I\hbox'). Otherwise just continue,
and I'll forget about whatever was undefined.


Overfull \hbox (32.91pt too wide) in paragraph at lines 22--22
 []\TU/lmr/bx/n/10 PARA 
 []


Overfull \hbox (57.57pt too wide) in paragraph at lines 22--22
 \TU/lmr/bx/n/10 OBTENER 
 []


Overfull \hbox (14.48pt too wide) in paragraph at lines 22--22
 \TU/lmr/bx/n/10 EL 
 []


Overfull \hbox (16.19pt too wide) in paragraph at lines 22--22
 \TU/lmr/bx/n/10 TÍ- 
 []


Overfull \hbox (32.41pt too wide) in paragraph at lines 22--22
 \TU/lmr/bx/n/10 TULO 
 []


Overfull \hbox (28.64pt too wide) in paragraph at lines 22--22
 \TU/lmr/bx/n/10 PRO- 
 []


Overfull \hbox (18.63pt too wide) in paragraph at lines 22--22
 \TU/lmr/bx/n/10 FE- 
 []


Overfull \hbox (44.0pt too wide) in paragraph at lines 22--22
 \TU/lmr/bx/n/10 SIONAL 
 []


Overfull \hbox (16.38pt too wide) in paragraph at lines 22--22
 \TU/lmr/bx/n/10 DE 
 []


Overfull \hbox (28.22pt too wide) in paragraph at lines 22--22
 \TU/lmr/bx/n/10 grado 
 []

! Undefined control sequence.
l.24 ^^I^^I{\large
                   \textbf{ELABORADO POR:} }\\
The control sequence at the end of the top line
of your error message was never \def'ed. If you have
misspelled it (e.g., `\hobx'), type `I' and the correct
spelling (e.g., `I\hbox'). Otherwise just continue,
and I'll forget about whatever was undefined.


Overfull \hbox (74.77pt too wide) in paragraph at lines 24--24
 []\TU/lmr/bx/n/10 ELABORADO 
 []


Overfull \hbox (28.32pt too wide) in paragraph at lines 24--24
 \TU/lmr/bx/n/10 POR: 
 []

! Undefined control sequence.
l.26 ^^I^^I{\large
                   \textbf{\@authorcaratula} }\\
The control sequence at the end of the top line
of your error message was never \def'ed. If you have
misspelled it (e.g., `\hobx'), type `I' and the correct
spelling (e.g., `I\hbox'). Otherwise just continue,
and I'll forget about whatever was undefined.


Overfull \hbox (74.0pt too wide) in paragraph at lines 26--26
 []\TU/lmr/bx/n/10 authorcaratula 
 []

! Undefined control sequence.
l.28 ^^I^^I{\large
                   \textbf{ASESOR:} }\\
The control sequence at the end of the top line
of your error message was never \def'ed. If you have
misspelled it (e.g., `\hobx'), type `I' and the correct
spelling (e.g., `I\hbox'). Otherwise just continue,
and I'll forget about whatever was undefined.


Overfull \hbox (49.49pt too wide) in paragraph at lines 28--28
 []\TU/lmr/bx/n/10 ASESOR: 
 []

! Undefined control sequence.
l.30 ^^I^^I{\large
                   \textbf{\@asesor} }\\
The control sequence at the end of the top line
of your error message was never \def'ed. If you have
misspelled it (e.g., `\hobx'), type `I' and the correct
spelling (e.g., `I\hbox'). Otherwise just continue,
and I'll forget about whatever was undefined.


Overfull \hbox (30.43001pt too wide) in paragraph at lines 30--30
 []\TU/lmr/bx/n/10 asesor 
 []

! Undefined control sequence.
l.32 ^^I^^I{\large
                   \textbf{LIMA - PERÚ} }\\
The control sequence at the end of the top line
of your error message was never \def'ed. If you have
misspelled it (e.g., `\hobx'), type `I' and the correct
spelling (e.g., `I\hbox'). Otherwise just continue,
and I'll forget about whatever was undefined.


Overfull \hbox (30.89pt too wide) in paragraph at lines 32--32
 []\TU/lmr/bx/n/10 LIMA 
 []


Overfull \hbox (3.83pt too wide) in paragraph at lines 32--32
 \TU/lmr/bx/n/10 - 
 []


Overfull \hbox (32.58pt too wide) in paragraph at lines 32--32
 \TU/lmr/bx/n/10 PERÚ 
 []

! Undefined control sequence.
l.34 ^^I^^I{\large
                   \textbf{\@yyearr} }\\
The control sequence at the end of the top line
of your error message was never \def'ed. If you have
misspelled it (e.g., `\hobx'), type `I' and the correct
spelling (e.g., `I\hbox'). Otherwise just continue,
and I'll forget about whatever was undefined.


Overfull \hbox (32.16pt too wide) in paragraph at lines 34--34
 []\TU/lmr/bx/n/10 yyearr 
 []


! LaTeX Error: \begin{document} ended by \end{titlepage}.

See the LaTeX manual or LaTeX Companion for explanation.
Type  H <return>  for immediate help.
 ...                                              
                                                  
l.38 \end{titlepage}
                    
Your command was ignored.
Type  I <command> <return>  to replace it with another command,
or  <return>  to continue without it.

)
! Emergency stop.
<*> ./Caratula.tex
                  
*** (job aborted, no legal \end found)

 
Here is how much of TeX's memory you used:
 24 strings out of 414182
 444 string characters out of 2901567
 246224 words of memory out of 3000000
 17639 multiletter control sequences out of 15000+200000
 532346 words of font info for 25 fonts, out of 3000000 for 9000
 1348 hyphenation exceptions out of 8191
 18i,1n,15p,103b,118s stack positions out of 5000i,500n,10000p,200000b,50000s
No pages of output.
