This is XeTeX, Version 3.14159265-2.6-0.999992 (MiKTeX 2.9.7400 64-bit) (preloaded format=xelatex 2020.5.16)  24 MAY 2020 21:07
entering extended mode
**./Permisos.tex
(Permisos.tex
LaTeX2e <2020-02-02> patch level 5
L3 programming layer <2020-04-06>

! LaTeX Error: Environment permisos undefined.

See the LaTeX manual or LaTeX Companion for explanation.
Type  H <return>  for immediate help.
 ...                                              
                                                  
l.1 \begin{permisos}
                    
Your command was ignored.
Type  I <command> <return>  to replace it with another command,
or  <return>  to continue without it.

! Undefined control sequence.
l.3 ^^I\doublespacing
                       % Espaciamiento 2
The control sequence at the end of the top line
of your error message was never \def'ed. If you have
misspelled it (e.g., `\hobx'), type `I' and the correct
spelling (e.g., `I\hbox'). Otherwise just continue,
and I'll forget about whatever was undefined.


! LaTeX Error: Missing \begin{document}.

See the LaTeX manual or LaTeX Companion for explanation.
Type  H <return>  for immediate help.
 ...                                              
                                                  
l.5 ^^I©
         2020, Universidad Nacional de Ingeniería. Todos los derechos reserv...

You're in trouble here.  Try typing  <return>  to proceed.
If that doesn't work, type  X <return>  to quit.

Missing character: There is no © in font nullfont!
Missing character: There is no 2 in font nullfont!
Missing character: There is no 0 in font nullfont!
Missing character: There is no 2 in font nullfont!
Missing character: There is no 0 in font nullfont!
Missing character: There is no , in font nullfont!
Missing character: There is no U in font nullfont!
Missing character: There is no n in font nullfont!
Missing character: There is no i in font nullfont!
Missing character: There is no v in font nullfont!
Missing character: There is no e in font nullfont!
Missing character: There is no r in font nullfont!
Missing character: There is no s in font nullfont!
Missing character: There is no i in font nullfont!
Missing character: There is no d in font nullfont!
Missing character: There is no a in font nullfont!
Missing character: There is no d in font nullfont!
Missing character: There is no N in font nullfont!
Missing character: There is no a in font nullfont!
Missing character: There is no c in font nullfont!
Missing character: There is no i in font nullfont!
Missing character: There is no o in font nullfont!
Missing character: There is no n in font nullfont!
Missing character: There is no a in font nullfont!
Missing character: There is no l in font nullfont!
Missing character: There is no d in font nullfont!
Missing character: There is no e in font nullfont!
Missing character: There is no I in font nullfont!
Missing character: There is no n in font nullfont!
Missing character: There is no g in font nullfont!
Missing character: There is no e in font nullfont!
Missing character: There is no n in font nullfont!
Missing character: There is no i in font nullfont!
Missing character: There is no e in font nullfont!
Missing character: There is no r in font nullfont!
Missing character: There is no í in font nullfont!
Missing character: There is no a in font nullfont!
Missing character: There is no . in font nullfont!
Missing character: There is no T in font nullfont!
Missing character: There is no o in font nullfont!
Missing character: There is no d in font nullfont!
Missing character: There is no o in font nullfont!
Missing character: There is no s in font nullfont!
Missing character: There is no l in font nullfont!
Missing character: There is no o in font nullfont!
Missing character: There is no s in font nullfont!
Missing character: There is no d in font nullfont!
Missing character: There is no e in font nullfont!
Missing character: There is no r in font nullfont!
Missing character: There is no e in font nullfont!
Missing character: There is no c in font nullfont!
Missing character: There is no h in font nullfont!
Missing character: There is no o in font nullfont!
Missing character: There is no s in font nullfont!
Missing character: There is no r in font nullfont!
Missing character: There is no e in font nullfont!
Missing character: There is no s in font nullfont!
Missing character: There is no e in font nullfont!
Missing character: There is no r in font nullfont!
Missing character: There is no v in font nullfont!
Missing character: There is no a in font nullfont!
Missing character: There is no d in font nullfont!
Missing character: There is no o in font nullfont!
Missing character: There is no s in font nullfont!
Missing character: There is no S in font nullfont!
Missing character: There is no a in font nullfont!
Missing character: There is no l in font nullfont!
Missing character: There is no d in font nullfont!
Missing character: There is no a in font nullfont!
Missing character: There is no ñ in font nullfont!
Missing character: There is no a in font nullfont!
Missing character: There is no V in font nullfont!
Missing character: There is no á in font nullfont!
Missing character: There is no s in font nullfont!
Missing character: There is no q in font nullfont!
Missing character: There is no u in font nullfont!
Missing character: There is no e in font nullfont!
Missing character: There is no z in font nullfont!
Missing character: There is no , in font nullfont!
Missing character: There is no K in font nullfont!
Missing character: There is no e in font nullfont!
Missing character: There is no y in font nullfont!
Missing character: There is no v in font nullfont!
Missing character: There is no i in font nullfont!
Missing character: There is no n in font nullfont!
Missing character: There is no Y in font nullfont!
Missing character: There is no u in font nullfont!
Missing character: There is no l in font nullfont!
Missing character: There is no i in font nullfont!
Missing character: There is no ñ in font nullfont!
Missing character: There is no o in font nullfont!
Missing character: There is no k in font nullfont!
Missing character: There is no s in font nullfont!
Missing character: There is no a in font nullfont!
Missing character: There is no l in font nullfont!
Missing character: There is no d in font nullfont!
Missing character: There is no a in font nullfont!
Missing character: There is no n in font nullfont!
Missing character: There is no a in font nullfont!
Missing character: There is no v in font nullfont!
Missing character: There is no @ in font nullfont!
Missing character: There is no u in font nullfont!
Missing character: There is no n in font nullfont!
Missing character: There is no i in font nullfont!
Missing character: There is no . in font nullfont!
Missing character: There is no p in font nullfont!
Missing character: There is no e in font nullfont!
Missing character: There is no T in font nullfont!
Missing character: There is no e in font nullfont!
Missing character: There is no l in font nullfont!
Missing character: There is no é in font nullfont!
Missing character: There is no f in font nullfont!
Missing character: There is no o in font nullfont!
Missing character: There is no n in font nullfont!
Missing character: There is no o in font nullfont!
Missing character: There is no : in font nullfont!
Missing character: There is no 9 in font nullfont!
Missing character: There is no 4 in font nullfont!
Missing character: There is no 3 in font nullfont!
Missing character: There is no 5 in font nullfont!
Missing character: There is no 7 in font nullfont!
Missing character: There is no 1 in font nullfont!
Missing character: There is no 4 in font nullfont!
Missing character: There is no 4 in font nullfont!
Missing character: There is no 4 in font nullfont!

Overfull \hbox (20.0pt too wide) in paragraph at lines 5--10
[]
 []


Overfull \hbox (16.46pt too wide) in paragraph at lines 5--10
\TU/lmr/bx/n/10 “El
 []


Overfull \hbox (15.81pt too wide) in paragraph at lines 5--10
\TU/lmr/bx/n/10 au-
 []


Overfull \hbox (14.96pt too wide) in paragraph at lines 5--10
\TU/lmr/bx/n/10 tor
 []


Overfull \hbox (15.81pt too wide) in paragraph at lines 5--10
\TU/lmr/bx/n/10 au-
 []


Overfull \hbox (18.79001pt too wide) in paragraph at lines 5--10
\TU/lmr/bx/n/10 tor-
 []


Overfull \hbox (13.89pt too wide) in paragraph at lines 5--10
\TU/lmr/bx/n/10 iza
 []


Overfull \hbox (5.59pt too wide) in paragraph at lines 5--10
\TU/lmr/bx/n/10 a
 []


Overfull \hbox (8.78pt too wide) in paragraph at lines 5--10
\TU/lmr/bx/n/10 la
 []


Overfull \hbox (22.21pt too wide) in paragraph at lines 5--10
\TU/lmr/bx/n/10 UNI
 []


Overfull \hbox (5.59pt too wide) in paragraph at lines 5--10
\TU/lmr/bx/n/10 a
 []


Overfull \hbox (13.84pt too wide) in paragraph at lines 5--10
\TU/lmr/bx/n/10 re-
 []


Overfull \hbox (20.71pt too wide) in paragraph at lines 5--10
\TU/lmr/bx/n/10 pro-
 []


Overfull \hbox (25.82pt too wide) in paragraph at lines 5--10
\TU/lmr/bx/n/10 ducir
 []


Overfull \hbox (11.66pt too wide) in paragraph at lines 5--10
\TU/lmr/bx/n/10 de
 []


Overfull \hbox (8.78pt too wide) in paragraph at lines 5--10
\TU/lmr/bx/n/10 la
 []


Overfull \hbox (24.58pt too wide) in paragraph at lines 5--10
\TU/lmr/bx/n/10 Tesis
 []


Overfull \hbox (11.66pt too wide) in paragraph at lines 5--10
\TU/lmr/bx/n/10 en
 []


Overfull \hbox (10.93001pt too wide) in paragraph at lines 5--10
\TU/lmr/bx/n/10 su
 []


Overfull \hbox (14.05pt too wide) in paragraph at lines 5--10
\TU/lmr/bx/n/10 to-
 []


Overfull \hbox (17.08pt too wide) in paragraph at lines 5--10
\TU/lmr/bx/n/10 tal-
 []


Overfull \hbox (7.02pt too wide) in paragraph at lines 5--10
\TU/lmr/bx/n/10 i-
 []


Overfull \hbox (18.37pt too wide) in paragraph at lines 5--10
\TU/lmr/bx/n/10 dad
 []


Overfull \hbox (5.75pt too wide) in paragraph at lines 5--10
\TU/lmr/bx/n/10 o
 []


Overfull \hbox (11.66pt too wide) in paragraph at lines 5--10
\TU/lmr/bx/n/10 en
 []


Overfull \hbox (29.65pt too wide) in paragraph at lines 5--10
\TU/lmr/bx/n/10 parte,
 []


Overfull \hbox (17.25pt too wide) in paragraph at lines 5--10
\TU/lmr/bx/n/10 con
 []


Overfull \hbox (22.59pt too wide) in paragraph at lines 5--10
\TU/lmr/bx/n/10 fines
 []


Overfull \hbox (13.64pt too wide) in paragraph at lines 5--10
\TU/lmr/bx/n/10 es-
 []


Overfull \hbox (21.34pt too wide) in paragraph at lines 5--10
\TU/lmr/bx/n/10 tric-
 []


Overfull \hbox (13.89pt too wide) in paragraph at lines 5--10
\TU/lmr/bx/n/10 ta-
 []


Overfull \hbox (30.66pt too wide) in paragraph at lines 5--10
\TU/lmr/bx/n/10 mente
 []


Overfull \hbox (44.55pt too wide) in paragraph at lines 5--10
\TU/lmr/bx/n/10 académi-
 []


Overfull \hbox (22.7pt too wide) in paragraph at lines 5--10
\TU/lmr/bx/n/10 cos.” 
 []

! Undefined control sequence.
l.11 ^^I\singlespacing
                        % Fin del espaciamiento 1.5
The control sequence at the end of the top line
of your error message was never \def'ed. If you have
misspelled it (e.g., `\hobx'), type `I' and the correct
spelling (e.g., `I\hbox'). Otherwise just continue,
and I'll forget about whatever was undefined.


! LaTeX Error: \begin{document} ended by \end{permisos}.

See the LaTeX manual or LaTeX Companion for explanation.
Type  H <return>  for immediate help.
 ...                                              
                                                  
l.13 \end{permisos}
                   
Your command was ignored.
Type  I <command> <return>  to replace it with another command,
or  <return>  to continue without it.

)
! Emergency stop.
<*> ./Permisos.tex
                  
*** (job aborted, no legal \end found)

 
Here is how much of TeX's memory you used:
 21 strings out of 414182
 406 string characters out of 2901567
 246224 words of memory out of 3000000
 17636 multiletter control sequences out of 15000+200000
 532346 words of font info for 25 fonts, out of 3000000 for 9000
 1348 hyphenation exceptions out of 8191
 13i,1n,15p,164b,80s stack positions out of 5000i,500n,10000p,200000b,50000s
No pages of output.
